<?xml version="1.0" encoding="UTF-8"?>
<!-- Generated by org.testng.reporters.JUnitReportReporter -->
<testsuite hostname="User" failures="0" tests="2" name="Framework.HomePage" time="36.379" errors="0" timestamp="2021-04-16T17:13:30 IST" skipped="0">
  <testcase classname="Framework.HomePage" name="basePagenavigation" time="17.264"/>
  <system-out/>
  <testcase classname="Framework.HomePage" name="basePagenavigation" time="19.115"/>
  <system-out/>
</testsuite> <!-- Framework.HomePage -->
